Running from: /Applications/Jenkins/jenkins.war
webroot: $user.home/.jenkins
Oct 16, 2016 2:56:19 PM org.eclipse.jetty.util.log.JavaUtilLog info
INFO: Logging initialized @365ms
Oct 16, 2016 2:56:19 PM winstone.Logger logInternal
INFO: Beginning extraction from war file
Oct 16, 2016 2:56:19 PM org.eclipse.jetty.util.log.JavaUtilLog warn
WARNING: Empty contextPath
Oct 16, 2016 2:56:19 PM org.eclipse.jetty.util.log.JavaUtilLog info
INFO: jetty-9.2.z-SNAPSHOT
Oct 16, 2016 2:56:20 PM org.eclipse.jetty.util.log.JavaUtilLog info
INFO: NO JSP Support for /, did not find org.eclipse.jetty.jsp.JettyJspServlet
Jenkins home directory: /Users/SushantWarik/.jenkins found at: $user.home/.jenkins
Oct 16, 2016 2:56:22 PM org.eclipse.jetty.util.log.JavaUtilLog info
INFO: Started w.@2a7f1f10{/,file:/Users/SushantWarik/.jenkins/war/,AVAILABLE}{/Users/SushantWarik/.jenkins/war}
Oct 16, 2016 2:56:22 PM org.eclipse.jetty.util.log.JavaUtilLog info
INFO: Started ServerConnector@793f29ff{HTTP/1.1}{0.0.0.0:8081}
Oct 16, 2016 2:56:22 PM org.eclipse.jetty.util.log.JavaUtilLog info
INFO: Started @3136ms
Oct 16, 2016 2:56:22 PM winstone.Logger logInternal
INFO: Winstone Servlet Engine v2.0 running: controlPort=disabled
Oct 16, 2016 2:56:22 PM jenkins.InitReactorRunner$1 onAttained
INFO: Started initialization
Oct 16, 2016 2:56:22 PM jenkins.InitReactorRunner$1 onAttained
INFO: Listed all plugins
Oct 16, 2016 2:56:22 PM jenkins.bouncycastle.api.SecurityProviderInitializer addSecurityProvider
INFO: Initializing Bouncy Castle security provider.
Oct 16, 2016 2:56:23 PM jenkins.bouncycastle.api.SecurityProviderInitializer addSecurityProvider
INFO: Bouncy Castle security provider initialized.
Oct 16, 2016 2:56:27 PM jenkins.InitReactorRunner$1 onAttained
INFO: Prepared all plugins
Oct 16, 2016 2:56:28 PM hudson.ExtensionFinder$GuiceFinder$FaultTolerantScope$1 error
INFO: Failed to instantiate optional component hudson.plugins.build_timeout.operations.AbortAndRestartOperation$DescriptorImpl; skipping
Oct 16, 2016 2:56:28 PM jenkins.InitReactorRunner$1 onAttained
INFO: Started all plugins
Oct 16, 2016 2:56:28 PM jenkins.InitReactorRunner$1 onAttained
INFO: Augmented all extensions
Oct 16, 2016 2:56:29 PM jenkins.InitReactorRunner$1 onAttained
INFO: Loaded all jobs
Oct 16, 2016 2:56:29 PM hudson.model.AsyncPeriodicWork$1 run
INFO: Started Download metadata
Oct 16, 2016 2:56:29 PM hudson.model.AsyncPeriodicWork$1 run
INFO: Finished Download metadata. 12 ms
Oct 16, 2016 2:56:29 PM org.jenkinsci.main.modules.sshd.SSHD start
INFO: Started SSHD at port 51994
Oct 16, 2016 2:56:29 PM jenkins.InitReactorRunner$1 onAttained
INFO: Completed initialization
Oct 16, 2016 2:56:29 PM org.springframework.context.support.AbstractApplicationContext prepareRefresh
INFO: Refreshing org.springframework.web.context.support.StaticWebApplicationContext@20bbb3d4: display name [Root WebApplicationContext]; startup date [Sun Oct 16 14:56:29 AEDT 2016]; root of context hierarchy
Oct 16, 2016 2:56:29 PM org.springframework.context.support.AbstractApplicationContext obtainFreshBeanFactory
INFO: Bean factory for application context [org.springframework.web.context.support.StaticWebApplicationContext@20bbb3d4]: org.springframework.beans.factory.support.DefaultListableBeanFactory@1717d667
Oct 16, 2016 2:56:29 PM org.springframework.beans.factory.support.DefaultListableBeanFactory preInstantiateSingletons
INFO: Pre-instantiating singletons in org.springframework.beans.factory.support.DefaultListableBeanFactory@1717d667: defining beans [authenticationManager]; root of factory hierarchy
Oct 16, 2016 2:56:30 PM org.springframework.context.support.AbstractApplicationContext prepareRefresh
INFO: Refreshing org.springframework.web.context.support.StaticWebApplicationContext@11b6714b: display name [Root WebApplicationContext]; startup date [Sun Oct 16 14:56:30 AEDT 2016]; root of context hierarchy
Oct 16, 2016 2:56:30 PM org.springframework.context.support.AbstractApplicationContext obtainFreshBeanFactory
INFO: Bean factory for application context [org.springframework.web.context.support.StaticWebApplicationContext@11b6714b]: org.springframework.beans.factory.support.DefaultListableBeanFactory@33553fee
Oct 16, 2016 2:56:30 PM org.springframework.beans.factory.support.DefaultListableBeanFactory preInstantiateSingletons
INFO: Pre-instantiating singletons in org.springframework.beans.factory.support.DefaultListableBeanFactory@33553fee: defining beans [filter,legacy]; root of factory hierarchy
Oct 16, 2016 2:56:30 PM jenkins.install.SetupWizard init
INFO: 

*************************************************************
*************************************************************
*************************************************************

Jenkins initial setup is required. An admin user has been created and a password generated.
Please use the following password to proceed to installation:

455e9eb104f34d03b6c89560fbdfe5c9

This may also be found at: /Users/SushantWarik/.jenkins/secrets/initialAdminPassword

*************************************************************
*************************************************************
*************************************************************

Oct 16, 2016 2:56:34 PM winstone.Logger logInternal
INFO: JVM is terminating. Shutting down Winstone
